TN:
SF:app.js
FN:11,(anonymous_0)
FN:13,(anonymous_1)
FN:25,(anonymous_2)
FN:37,(anonymous_3)
FN:51,(anonymous_4)
FN:65,(anonymous_5)
FN:79,(anonymous_6)
FNF:7
FNH:7
FNDA:1,(anonymous_0)
FNDA:1,(anonymous_1)
FNDA:1,(anonymous_2)
FNDA:1,(anonymous_3)
FNDA:1,(anonymous_4)
FNDA:1,(anonymous_5)
FNDA:1,(anonymous_6)
DA:1,1
DA:2,1
DA:3,1
DA:4,1
DA:6,1
DA:7,1
DA:9,1
DA:10,1
DA:11,1
DA:13,1
DA:15,1
DA:16,1
DA:17,1
DA:19,0
DA:20,0
DA:25,1
DA:27,1
DA:28,1
DA:29,1
DA:30,1
DA:32,0
DA:33,0
DA:37,1
DA:39,1
DA:41,1
DA:42,1
DA:43,1
DA:46,0
DA:47,0
DA:51,1
DA:53,1
DA:54,1
DA:55,1
DA:56,1
DA:57,1
DA:60,0
DA:61,0
DA:65,1
DA:67,1
DA:68,1
DA:69,1
DA:70,1
DA:73,0
DA:74,0
DA:79,1
DA:81,1
LF:46
LH:36
BRF:0
BRH:0
end_of_record
